生成启动时间为 2016/3/6 0:47:40。
     1>项目“E:\C源文件\WC\WC\WC.vcxproj”在节点 2 上(build 个目标)。
     1>InitializeBuildStatus:
         正在创建“Debug\WC.unsuccessfulbuild”，因为已指定“AlwaysCreate”。
       ClCompile:
         d:\程序员\VS2010\VC\bin\CL.exe /c /ZI /nologo /W3 /WX- /Od /Oy- /D _MBCS /Gm /EHsc /RTC1 /MDd /GS /fp:precise /Zc:wchar_t /Zc:forScope /Fo"Debug\\" /Fd"Debug\vc100.pdb" /Gd /TP /analyze- /errorReport:prompt WC.cpp
         WC.cpp
     1>e:\c源文件\wc\wc\wc.cpp(77): warning C4101: “c”: 未引用的局部变量
     1>e:\c源文件\wc\wc\wc.cpp(173): warning C4018: “<”: 有符号/无符号不匹配
     1>e:\c源文件\wc\wc\wc.cpp(67): warning C4700: 使用了未初始化的局部变量“c”
     1>e:\c源文件\wc\wc\wc.cpp(96): warning C4700: 使用了未初始化的局部变量“c”
       Link:
         d:\程序员\VS2010\VC\bin\link.exe /ERRORREPORT:PROMPT /OUT:"E:\C源文件\WC\Debug\WC.exe" /NOLOGO kernel32.lib user32.lib gdi32.lib winspool.lib comdlg32.lib advapi32.lib shell32.lib ole32.lib oleaut32.lib uuid.lib odbc32.lib odbccp32.lib /MANIFEST /ManifestFile:"Debug\WC.exe.intermediate.manifest" /MANIFESTUAC:"level='asInvoker' uiAccess='false'" /DEBUG /PDB:"E:\C源文件\WC\Debug\WC.pdb" /TLBID:1 /DYNAMICBASE /NXCOMPAT /IMPLIB:"E:\C源文件\WC\Debug\WC.lib" /MACHINE:X86 Debug\WC.obj
         LINK : 没有找到 E:\C源文件\WC\Debug\WC.exe 或上一个增量链接没有生成它；正在执行完全链接
         WC.vcxproj -> E:\C源文件\WC\Debug\WC.exe
       Manifest:
         C:\Program Files (x86)\Microsoft SDKs\Windows\v7.0A\bin\mt.exe /nologo /verbose /outputresource:"E:\C源文件\WC\Debug\WC.exe;#1" /manifest Debug\WC.exe.intermediate.manifest
       FinalizeBuildStatus:
         正在删除文件“Debug\WC.unsuccessfulbuild”。
         正在对“Debug\WC.lastbuildstate”执行 Touch 任务。
     1>已完成生成项目“E:\C源文件\WC\WC\WC.vcxproj”(build 个目标)的操作。

生成成功。

已用时间 00:00:03.03
